
  .   ____          _            __ _ _
 /\\ / ___'_ __ _ _(_)_ __  __ _ \ \ \ \
( ( )\___ | '_ | '_| | '_ \/ _` | \ \ \ \
 \\/  ___)| |_)| | | | | || (_| |  ) ) ) )
  '  |____| .__|_| |_|_| |_\__, | / / / /
 =========|_|==============|___/=/_/_/_/

 :: Spring Boot ::                (v4.0.3)

2026-07-13T17:42:12.934+05:30  INFO 22580 --- [backend] [           main] com.lawlink.BackendApplication           : Starting BackendApplication v0.0.1-SNAPSHOT using Java 22.0.2 with PID 22580 (E:\lawlink\backend\target\backend-0.0.1-SNAPSHOT.jar started by mites in E:\lawlink)
2026-07-13T17:42:12.944+05:30  INFO 22580 --- [backend] [           main] com.lawlink.BackendApplication           : No active profile set, falling back to 1 default profile: "default"
2026-07-13T17:42:15.163+05:30  INFO 22580 --- [backend] [           main] .s.d.r.c.RepositoryConfigurationDelegate : Bootstrapping Spring Data MongoDB repositories in DEFAULT mode.
2026-07-13T17:42:15.289+05:30  INFO 22580 --- [backend] [           main] .s.d.r.c.RepositoryConfigurationDelegate : Finished Spring Data repository scanning in 108 ms. Found 5 MongoDB repository interfaces.
2026-07-13T17:42:16.407+05:30  INFO 22580 --- [backend] [           main] o.s.boot.tomcat.TomcatWebServer          : Tomcat initialized with port 8080 (http)
2026-07-13T17:42:16.423+05:30  INFO 22580 --- [backend] [           main] o.apache.catalina.core.StandardService   : Starting service [Tomcat]
2026-07-13T17:42:16.423+05:30  INFO 22580 --- [backend] [           main] o.apache.catalina.core.StandardEngine    : Starting Servlet engine: [Apache Tomcat/11.0.18]
2026-07-13T17:42:16.487+05:30  INFO 22580 --- [backend] [           main] b.w.c.s.WebApplicationContextInitializer : Root WebApplicationContext: initialization completed in 3385 ms
2026-07-13T17:42:16.984+05:30  INFO 22580 --- [backend] [1cy.mongodb.net] org.mongodb.driver.cluster               : Adding discovered server ac-fldwwip-shard-00-02.2dm61cy.mongodb.net:27017 to client view of cluster
2026-07-13T17:42:17.015+05:30  INFO 22580 --- [backend] [           main] org.mongodb.driver.client                : MongoClient with metadata {"application": {"name": "Cluster0"}, "driver": {"name": "mongo-java-driver|spring-boot|sync", "version": "5.6.3"}, "os": {"type": "Windows", "name": "Windows 11", "architecture": "amd64", "version": "10.0"}, "platform": "Java/Oracle Corporation/22.0.2+9-70"} created with settings MongoClientSettings{readPreference=primary, writeConcern=WriteConcern{w=majority, wTimeout=null ms, journal=null}, retryWrites=true, retryReads=true, readConcern=ReadConcern{level=null}, credential=MongoCredential{mechanism=null, userName='lawlink', source='admin', password=<hidden>, mechanismProperties=<hidden>}, transportSettings=null, commandListeners=[], codecRegistry=ProvidersCodecRegistry{codecProviders=[ValueCodecProvider{}, BsonValueCodecProvider{}, DBRefCodecProvider{}, DBObjectCodecProvider{}, DocumentCodecProvider{}, CollectionCodecProvider{}, IterableCodecProvider{}, MapCodecProvider{}, GeoJsonCodecProvider{}, GridFSFileCodecProvider{}, Jsr310CodecProvider{}, JsonObjectCodecProvider{}, BsonCodecProvider{}, com.mongodb.client.model.mql.ExpressionCodecProvider@6b357eb6, com.mongodb.Jep395RecordCodecProvider@64bebd55, com.mongodb.KotlinCodecProvider@7c1a8f0f, EnumCodecProvider{}]}, loggerSettings=LoggerSettings{maxDocumentLength=1000}, clusterSettings={hosts=[127.0.0.1:27017], srvHost=cluster0.2dm61cy.mongodb.net, srvServiceName=mongodb, mode=MULTIPLE, requiredClusterType=REPLICA_SET, requiredReplicaSetName='atlas-tnm81e-shard-0', serverSelector='null', clusterListeners='[]', serverSelectionTimeout='30000 ms', localThreshold='15 ms'}, socketSettings=SocketSettings{connectTimeoutMS=10000, readTimeoutMS=0, receiveBufferSize=0, proxySettings=ProxySettings{host=null, port=null, username=null, password=null}}, heartbeatSocketSettings=SocketSettings{connectTimeoutMS=10000, readTimeoutMS=10000, receiveBufferSize=0, proxySettings=ProxySettings{host=null, port=null, username=null, password=null}}, connectionPoolSettings=ConnectionPoolSettings{maxSize=100, minSize=0, maxWaitTimeMS=120000, maxConnectionLifeTimeMS=0, maxConnectionIdleTimeMS=0, maintenanceInitialDelayMS=0, maintenanceFrequencyMS=60000, connectionPoolListeners=[], maxConnecting=2}, serverSettings=ServerSettings{heartbeatFrequencyMS=10000, minHeartbeatFrequencyMS=500, serverMonitoringMode=AUTO, serverListeners='[]', serverMonitorListeners='[]'}, sslSettings=SslSettings{enabled=true, invalidHostNameAllowed=false, context=null}, applicationName='Cluster0', compressorList=[], uuidRepresentation=UNSPECIFIED, serverApi=null, autoEncryptionSettings=null, dnsClient=null, inetAddressResolver=null, contextProvider=null, timeoutMS=null}
2026-07-13T17:42:17.030+05:30  INFO 22580 --- [backend] [1cy.mongodb.net] org.mongodb.driver.cluster               : Adding discovered server ac-fldwwip-shard-00-00.2dm61cy.mongodb.net:27017 to client view of cluster
2026-07-13T17:42:17.031+05:30  INFO 22580 --- [backend] [1cy.mongodb.net] org.mongodb.driver.cluster               : Adding discovered server ac-fldwwip-shard-00-01.2dm61cy.mongodb.net:27017 to client view of cluster
2026-07-13T17:42:17.787+05:30  INFO 22580 --- [backend] [ngodb.net:27017] org.mongodb.driver.cluster               : Monitor thread successfully connected to server with description ServerDescription{address=ac-fldwwip-shard-00-02.2dm61cy.mongodb.net:27017, type=REPLICA_SET_PRIMARY, cryptd=false, state=CONNECTED, ok=true, minWireVersion=0, maxWireVersion=25, maxDocumentSize=16777216, logicalSessionTimeoutMinutes=30, roundTripTimeNanos=385365100, minRoundTripTimeNanos=0, setName='atlas-tnm81e-shard-0', canonicalAddress=ac-fldwwip-shard-00-02.2dm61cy.mongodb.net:27017, hosts=[ac-fldwwip-shard-00-02.2dm61cy.mongodb.net:27017, ac-fldwwip-shard-00-01.2dm61cy.mongodb.net:27017, ac-fldwwip-shard-00-00.2dm61cy.mongodb.net:27017], passives=[], arbiters=[], primary='ac-fldwwip-shard-00-02.2dm61cy.mongodb.net:27017', tagSet=TagSet{[Tag{name='availabilityZone', value='aps1-az2'}, Tag{name='cacheState', value='READY'}, Tag{name='diskState', value='READY'}, Tag{name='nodeType', value='ELECTABLE'}, Tag{name='provider', value='AWS'}, Tag{name='region', value='AP_SOUTH_1'}, Tag{name='workloadType', value='OPERATIONAL'}]}, electionId=7fffffff0000000000000155, setVersion=353, topologyVersion=TopologyVersion{processId=6a4ff06d69254e68d40dd26c, counter=6}, lastWriteDate=Mon Jul 13 17:42:17 IST 2026, lastUpdateTimeNanos=546003728694500}
2026-07-13T17:42:17.787+05:30  INFO 22580 --- [backend] [ngodb.net:27017] org.mongodb.driver.cluster               : Monitor thread successfully connected to server with description ServerDescription{address=ac-fldwwip-shard-00-01.2dm61cy.mongodb.net:27017, type=REPLICA_SET_SECONDARY, cryptd=false, state=CONNECTED, ok=true, minWireVersion=0, maxWireVersion=25, maxDocumentSize=16777216, logicalSessionTimeoutMinutes=30, roundTripTimeNanos=385143900, minRoundTripTimeNanos=0, setName='atlas-tnm81e-shard-0', canonicalAddress=ac-fldwwip-shard-00-01.2dm61cy.mongodb.net:27017, hosts=[ac-fldwwip-shard-00-02.2dm61cy.mongodb.net:27017, ac-fldwwip-shard-00-01.2dm61cy.mongodb.net:27017, ac-fldwwip-shard-00-00.2dm61cy.mongodb.net:27017], passives=[], arbiters=[], primary='ac-fldwwip-shard-00-02.2dm61cy.mongodb.net:27017', tagSet=TagSet{[Tag{name='availabilityZone', value='aps1-az3'}, Tag{name='cacheState', value='READY'}, Tag{name='diskState', value='READY'}, Tag{name='nodeType', value='ELECTABLE'}, Tag{name='provider', value='AWS'}, Tag{name='region', value='AP_SOUTH_1'}, Tag{name='workloadType', value='OPERATIONAL'}]}, electionId=null, setVersion=353, topologyVersion=TopologyVersion{processId=6a4ff0cb075f65a50ecedf88, counter=3}, lastWriteDate=Mon Jul 13 17:42:17 IST 2026, lastUpdateTimeNanos=546003728474500}
2026-07-13T17:42:17.787+05:30  INFO 22580 --- [backend] [ngodb.net:27017] org.mongodb.driver.cluster               : Monitor thread successfully connected to server with description ServerDescription{address=ac-fldwwip-shard-00-00.2dm61cy.mongodb.net:27017, type=REPLICA_SET_SECONDARY, cryptd=false, state=CONNECTED, ok=true, minWireVersion=0, maxWireVersion=25, maxDocumentSize=16777216, logicalSessionTimeoutMinutes=30, roundTripTimeNanos=385107100, minRoundTripTimeNanos=0, setName='atlas-tnm81e-shard-0', canonicalAddress=ac-fldwwip-shard-00-00.2dm61cy.mongodb.net:27017, hosts=[ac-fldwwip-shard-00-02.2dm61cy.mongodb.net:27017, ac-fldwwip-shard-00-01.2dm61cy.mongodb.net:27017, ac-fldwwip-shard-00-00.2dm61cy.mongodb.net:27017], passives=[], arbiters=[], primary='ac-fldwwip-shard-00-02.2dm61cy.mongodb.net:27017', tagSet=TagSet{[Tag{name='availabilityZone', value='aps1-az1'}, Tag{name='cacheState', value='READY'}, Tag{name='diskState', value='READY'}, Tag{name='nodeType', value='ELECTABLE'}, Tag{name='provider', value='AWS'}, Tag{name='region', value='AP_SOUTH_1'}, Tag{name='workloadType', value='OPERATIONAL'}]}, electionId=null, setVersion=353, topologyVersion=TopologyVersion{processId=6a4ff010e62fe29125ce8652, counter=4}, lastWriteDate=Mon Jul 13 17:42:17 IST 2026, lastUpdateTimeNanos=546003728445300}
2026-07-13T17:42:17.793+05:30  INFO 22580 --- [backend] [ngodb.net:27017] org.mongodb.driver.cluster               : Discovered replica set primary ac-fldwwip-shard-00-02.2dm61cy.mongodb.net:27017 with max election id 7fffffff0000000000000155 and max set version 353
2026-07-13T17:42:18.408+05:30  WARN 22580 --- [backend] [           main] .s.a.UserDetailsServiceAutoConfiguration : 

Using generated security password: e3aaef99-5c74-42c7-abf5-cb5a3dc95ee1

This generated password is for development use only. Your security configuration must be updated before running your application in production.

2026-07-13T17:42:18.431+05:30  INFO 22580 --- [backend] [           main] r$InitializeUserDetailsManagerConfigurer : Global AuthenticationManager configured with UserDetailsService bean with name inMemoryUserDetailsManager
2026-07-13T17:42:19.671+05:30  INFO 22580 --- [backend] [           main] o.s.boot.tomcat.TomcatWebServer          : Tomcat started on port 8080 (http) with context path '/'
2026-07-13T17:42:19.719+05:30  INFO 22580 --- [backend] [           main] com.lawlink.BackendApplication           : Started BackendApplication in 7.899 seconds (process running for 9.209)
2026-07-13T17:42:20.594+05:30  INFO 22580 --- [backend] [           main] com.lawlink.config.DataInitializer       : Migrated @lawlink.com emails to @caseflow.com and updated passwords
2026-07-13T17:42:54.605+05:30  INFO 22580 --- [backend] [nio-8080-exec-2] o.a.c.c.C.[Tomcat].[localhost].[/]       : Initializing Spring DispatcherServlet 'dispatcherServlet'
2026-07-13T17:42:54.606+05:30  INFO 22580 --- [backend] [nio-8080-exec-2] o.s.web.servlet.DispatcherServlet        : Initializing Servlet 'dispatcherServlet'
2026-07-13T17:42:54.609+05:30  INFO 22580 --- [backend] [nio-8080-exec-2] o.s.web.servlet.DispatcherServlet        : Completed initialization in 3 ms
2026-07-13T19:47:56.187+05:30  INFO 22580 --- [backend] [ngodb.net:27017] org.mongodb.driver.cluster               : Exception in monitor thread while connecting to server ac-fldwwip-shard-00-00.2dm61cy.mongodb.net:27017

com.mongodb.MongoSocketReadException: Exception receiving message
	at com.mongodb.internal.connection.InternalStreamConnection.translateReadException(InternalStreamConnection.java:809) ~[mongodb-driver-core-5.6.3.jar!/:na]
	at com.mongodb.internal.connection.InternalStreamConnection.receiveResponseBuffers(InternalStreamConnection.java:857) ~[mongodb-driver-core-5.6.3.jar!/:na]
	at com.mongodb.internal.connection.InternalStreamConnection.receiveCommandMessageResponse(InternalStreamConnection.java:517) ~[mongodb-driver-core-5.6.3.jar!/:na]
	at com.mongodb.internal.connection.InternalStreamConnection.receive(InternalStreamConnection.java:469) ~[mongodb-driver-core-5.6.3.jar!/:na]
	at com.mongodb.internal.connection.DefaultServerMonitor$ServerMonitor.doHeartbeat(DefaultServerMonitor.java:311) ~[mongodb-driver-core-5.6.3.jar!/:na]
	at com.mongodb.internal.connection.DefaultServerMonitor$ServerMonitor.lookupServerDescription(DefaultServerMonitor.java:262) ~[mongodb-driver-core-5.6.3.jar!/:na]
	at com.mongodb.internal.connection.DefaultServerMonitor$ServerMonitor.run(DefaultServerMonitor.java:203) ~[mongodb-driver-core-5.6.3.jar!/:na]
Caused by: java.net.SocketException: Connection reset
	at java.base/sun.nio.ch.NioSocketImpl.implRead(NioSocketImpl.java:318) ~[na:na]
	at java.base/sun.nio.ch.NioSocketImpl.read(NioSocketImpl.java:346) ~[na:na]
	at java.base/sun.nio.ch.NioSocketImpl$1.read(NioSocketImpl.java:796) ~[na:na]
	at java.base/java.net.Socket$SocketInputStream.implRead(Socket.java:1108) ~[na:na]
	at java.base/java.net.Socket$SocketInputStream.read(Socket.java:1095) ~[na:na]
	at java.base/sun.security.ssl.SSLSocketInputRecord.read(SSLSocketInputRecord.java:489) ~[na:na]
	at java.base/sun.security.ssl.SSLSocketInputRecord.readHeader(SSLSocketInputRecord.java:483) ~[na:na]
	at java.base/sun.security.ssl.SSLSocketInputRecord.bytesInCompletePacket(SSLSocketInputRecord.java:70) ~[na:na]
	at java.base/sun.security.ssl.SSLSocketImpl.readApplicationRecord(SSLSocketImpl.java:1462) ~[na:na]
	at java.base/sun.security.ssl.SSLSocketImpl$AppInputStream.read(SSLSocketImpl.java:1068) ~[na:na]
	at com.mongodb.internal.connection.SocketStream.read(SocketStream.java:182) ~[mongodb-driver-core-5.6.3.jar!/:na]
	at com.mongodb.internal.connection.InternalStreamConnection.receiveResponseBuffers(InternalStreamConnection.java:824) ~[mongodb-driver-core-5.6.3.jar!/:na]
	... 5 common frames omitted

2026-07-13T19:47:56.187+05:30  INFO 22580 --- [backend] [ngodb.net:27017] org.mongodb.driver.cluster               : Exception in monitor thread while connecting to server ac-fldwwip-shard-00-02.2dm61cy.mongodb.net:27017

com.mongodb.MongoSocketReadException: Exception receiving message
	at com.mongodb.internal.connection.InternalStreamConnection.translateReadException(InternalStreamConnection.java:809) ~[mongodb-driver-core-5.6.3.jar!/:na]
	at com.mongodb.internal.connection.InternalStreamConnection.receiveResponseBuffers(InternalStreamConnection.java:857) ~[mongodb-driver-core-5.6.3.jar!/:na]
	at com.mongodb.internal.connection.InternalStreamConnection.receiveCommandMessageResponse(InternalStreamConnection.java:517) ~[mongodb-driver-core-5.6.3.jar!/:na]
	at com.mongodb.internal.connection.InternalStreamConnection.receive(InternalStreamConnection.java:469) ~[mongodb-driver-core-5.6.3.jar!/:na]
	at com.mongodb.internal.connection.DefaultServerMonitor$ServerMonitor.doHeartbeat(DefaultServerMonitor.java:311) ~[mongodb-driver-core-5.6.3.jar!/:na]
	at com.mongodb.internal.connection.DefaultServerMonitor$ServerMonitor.lookupServerDescription(DefaultServerMonitor.java:262) ~[mongodb-driver-core-5.6.3.jar!/:na]
	at com.mongodb.internal.connection.DefaultServerMonitor$ServerMonitor.run(DefaultServerMonitor.java:203) ~[mongodb-driver-core-5.6.3.jar!/:na]
Caused by: java.net.SocketException: Connection reset
	at java.base/sun.nio.ch.NioSocketImpl.implRead(NioSocketImpl.java:318) ~[na:na]
	at java.base/sun.nio.ch.NioSocketImpl.read(NioSocketImpl.java:346) ~[na:na]
	at java.base/sun.nio.ch.NioSocketImpl$1.read(NioSocketImpl.java:796) ~[na:na]
	at java.base/java.net.Socket$SocketInputStream.implRead(Socket.java:1108) ~[na:na]
	at java.base/java.net.Socket$SocketInputStream.read(Socket.java:1095) ~[na:na]
	at java.base/sun.security.ssl.SSLSocketInputRecord.read(SSLSocketInputRecord.java:489) ~[na:na]
	at java.base/sun.security.ssl.SSLSocketInputRecord.readHeader(SSLSocketInputRecord.java:483) ~[na:na]
	at java.base/sun.security.ssl.SSLSocketInputRecord.bytesInCompletePacket(SSLSocketInputRecord.java:70) ~[na:na]
	at java.base/sun.security.ssl.SSLSocketImpl.readApplicationRecord(SSLSocketImpl.java:1462) ~[na:na]
	at java.base/sun.security.ssl.SSLSocketImpl$AppInputStream.read(SSLSocketImpl.java:1068) ~[na:na]
	at com.mongodb.internal.connection.SocketStream.read(SocketStream.java:182) ~[mongodb-driver-core-5.6.3.jar!/:na]
	at com.mongodb.internal.connection.InternalStreamConnection.receiveResponseBuffers(InternalStreamConnection.java:824) ~[mongodb-driver-core-5.6.3.jar!/:na]
	... 5 common frames omitted

2026-07-13T19:47:56.157+05:30  INFO 22580 --- [backend] [ngodb.net:27017] org.mongodb.driver.cluster               : Exception in monitor thread while connecting to server ac-fldwwip-shard-00-01.2dm61cy.mongodb.net:27017

com.mongodb.MongoSocketReadException: Exception receiving message
	at com.mongodb.internal.connection.InternalStreamConnection.translateReadException(InternalStreamConnection.java:809) ~[mongodb-driver-core-5.6.3.jar!/:na]
	at com.mongodb.internal.connection.InternalStreamConnection.receiveResponseBuffers(InternalStreamConnection.java:857) ~[mongodb-driver-core-5.6.3.jar!/:na]
	at com.mongodb.internal.connection.InternalStreamConnection.receiveCommandMessageResponse(InternalStreamConnection.java:517) ~[mongodb-driver-core-5.6.3.jar!/:na]
	at com.mongodb.internal.connection.InternalStreamConnection.receive(InternalStreamConnection.java:469) ~[mongodb-driver-core-5.6.3.jar!/:na]
	at com.mongodb.internal.connection.DefaultServerMonitor$ServerMonitor.doHeartbeat(DefaultServerMonitor.java:311) ~[mongodb-driver-core-5.6.3.jar!/:na]
	at com.mongodb.internal.connection.DefaultServerMonitor$ServerMonitor.lookupServerDescription(DefaultServerMonitor.java:262) ~[mongodb-driver-core-5.6.3.jar!/:na]
	at com.mongodb.internal.connection.DefaultServerMonitor$ServerMonitor.run(DefaultServerMonitor.java:203) ~[mongodb-driver-core-5.6.3.jar!/:na]
Caused by: java.net.SocketException: Connection reset
	at java.base/sun.nio.ch.NioSocketImpl.implRead(NioSocketImpl.java:318) ~[na:na]
	at java.base/sun.nio.ch.NioSocketImpl.read(NioSocketImpl.java:346) ~[na:na]
	at java.base/sun.nio.ch.NioSocketImpl$1.read(NioSocketImpl.java:796) ~[na:na]
	at java.base/java.net.Socket$SocketInputStream.implRead(Socket.java:1108) ~[na:na]
	at java.base/java.net.Socket$SocketInputStream.read(Socket.java:1095) ~[na:na]
	at java.base/sun.security.ssl.SSLSocketInputRecord.read(SSLSocketInputRecord.java:489) ~[na:na]
	at java.base/sun.security.ssl.SSLSocketInputRecord.readHeader(SSLSocketInputRecord.java:483) ~[na:na]
	at java.base/sun.security.ssl.SSLSocketInputRecord.bytesInCompletePacket(SSLSocketInputRecord.java:70) ~[na:na]
	at java.base/sun.security.ssl.SSLSocketImpl.readApplicationRecord(SSLSocketImpl.java:1462) ~[na:na]
	at java.base/sun.security.ssl.SSLSocketImpl$AppInputStream.read(SSLSocketImpl.java:1068) ~[na:na]
	at com.mongodb.internal.connection.SocketStream.read(SocketStream.java:182) ~[mongodb-driver-core-5.6.3.jar!/:na]
	at com.mongodb.internal.connection.InternalStreamConnection.receiveResponseBuffers(InternalStreamConnection.java:824) ~[mongodb-driver-core-5.6.3.jar!/:na]
	... 5 common frames omitted

2026-07-13T19:47:58.222+05:30  INFO 22580 --- [backend] [ngodb.net:27017] org.mongodb.driver.cluster               : Monitor thread successfully connected to server with description ServerDescription{address=ac-fldwwip-shard-00-01.2dm61cy.mongodb.net:27017, type=REPLICA_SET_SECONDARY, cryptd=false, state=CONNECTED, ok=true, minWireVersion=0, maxWireVersion=25, maxDocumentSize=16777216, logicalSessionTimeoutMinutes=30, roundTripTimeNanos=1539122200, minRoundTripTimeNanos=0, setName='atlas-tnm81e-shard-0', canonicalAddress=ac-fldwwip-shard-00-01.2dm61cy.mongodb.net:27017, hosts=[ac-fldwwip-shard-00-02.2dm61cy.mongodb.net:27017, ac-fldwwip-shard-00-01.2dm61cy.mongodb.net:27017, ac-fldwwip-shard-00-00.2dm61cy.mongodb.net:27017], passives=[], arbiters=[], primary='ac-fldwwip-shard-00-02.2dm61cy.mongodb.net:27017', tagSet=TagSet{[Tag{name='availabilityZone', value='aps1-az3'}, Tag{name='cacheState', value='READY'}, Tag{name='diskState', value='READY'}, Tag{name='nodeType', value='ELECTABLE'}, Tag{name='provider', value='AWS'}, Tag{name='region', value='AP_SOUTH_1'}, Tag{name='workloadType', value='OPERATIONAL'}]}, electionId=null, setVersion=353, topologyVersion=TopologyVersion{processId=6a4ff0cb075f65a50ecedf88, counter=3}, lastWriteDate=Mon Jul 13 19:47:57 IST 2026, lastUpdateTimeNanos=553544177500400}
2026-07-13T19:48:02.483+05:30  INFO 22580 --- [backend] [ngodb.net:27017] org.mongodb.driver.cluster               : Monitor thread successfully connected to server with description ServerDescription{address=ac-fldwwip-shard-00-02.2dm61cy.mongodb.net:27017, type=REPLICA_SET_PRIMARY, cryptd=false, state=CONNECTED, ok=true, minWireVersion=0, maxWireVersion=25, maxDocumentSize=16777216, logicalSessionTimeoutMinutes=30, roundTripTimeNanos=4465300400, minRoundTripTimeNanos=0, setName='atlas-tnm81e-shard-0', canonicalAddress=ac-fldwwip-shard-00-02.2dm61cy.mongodb.net:27017, hosts=[ac-fldwwip-shard-00-02.2dm61cy.mongodb.net:27017, ac-fldwwip-shard-00-01.2dm61cy.mongodb.net:27017, ac-fldwwip-shard-00-00.2dm61cy.mongodb.net:27017], passives=[], arbiters=[], primary='ac-fldwwip-shard-00-02.2dm61cy.mongodb.net:27017', tagSet=TagSet{[Tag{name='availabilityZone', value='aps1-az2'}, Tag{name='cacheState', value='READY'}, Tag{name='diskState', value='READY'}, Tag{name='nodeType', value='ELECTABLE'}, Tag{name='provider', value='AWS'}, Tag{name='region', value='AP_SOUTH_1'}, Tag{name='workloadType', value='OPERATIONAL'}]}, electionId=7fffffff0000000000000155, setVersion=353, topologyVersion=TopologyVersion{processId=6a4ff06d69254e68d40dd26c, counter=6}, lastWriteDate=Mon Jul 13 19:48:01 IST 2026, lastUpdateTimeNanos=553548440243700}
2026-07-13T19:48:02.483+05:30  INFO 22580 --- [backend] [ngodb.net:27017] org.mongodb.driver.cluster               : Discovered replica set primary ac-fldwwip-shard-00-02.2dm61cy.mongodb.net:27017 with max election id 7fffffff0000000000000155 and max set version 353
2026-07-13T19:48:02.483+05:30  INFO 22580 --- [backend] [ngodb.net:27017] org.mongodb.driver.cluster               : Monitor thread successfully connected to server with description ServerDescription{address=ac-fldwwip-shard-00-00.2dm61cy.mongodb.net:27017, type=REPLICA_SET_SECONDARY, cryptd=false, state=CONNECTED, ok=true, minWireVersion=0, maxWireVersion=25, maxDocumentSize=16777216, logicalSessionTimeoutMinutes=30, roundTripTimeNanos=4470073000, minRoundTripTimeNanos=0, setName='atlas-tnm81e-shard-0', canonicalAddress=ac-fldwwip-shard-00-00.2dm61cy.mongodb.net:27017, hosts=[ac-fldwwip-shard-00-02.2dm61cy.mongodb.net:27017, ac-fldwwip-shard-00-01.2dm61cy.mongodb.net:27017, ac-fldwwip-shard-00-00.2dm61cy.mongodb.net:27017], passives=[], arbiters=[], primary='ac-fldwwip-shard-00-02.2dm61cy.mongodb.net:27017', tagSet=TagSet{[Tag{name='availabilityZone', value='aps1-az1'}, Tag{name='cacheState', value='READY'}, Tag{name='diskState', value='READY'}, Tag{name='nodeType', value='ELECTABLE'}, Tag{name='provider', value='AWS'}, Tag{name='region', value='AP_SOUTH_1'}, Tag{name='workloadType', value='OPERATIONAL'}]}, electionId=null, setVersion=353, topologyVersion=TopologyVersion{processId=6a4ff010e62fe29125ce8652, counter=4}, lastWriteDate=Mon Jul 13 19:48:01 IST 2026, lastUpdateTimeNanos=553548440942000}
